!SESSION 2019-01-10 21:56:01.422 -----------------------------------------------
eclipse.buildId=unknown
java.version=1.8.0_151
java.vendor=Oracle Corporation
BootLoader constants: OS=win32, ARCH=x86_64, WS=win32, NL=it_IT
Command-line arguments:  -console

!ENTRY org.eclipse.osgi 4 0 2019-01-10 21:56:03.527
!MESSAGE Error starting bundle: initial@reference:file:plugins/slf4j.jdk14_1.7.7.jar
!STACK 0
org.osgi.framework.BundleException: Invalid operation on a fragment.
	at org.eclipse.osgi.container.Module.checkFragment(Module.java:510)
	at org.eclipse.osgi.container.Module.start(Module.java:397)
	at org.eclipse.osgi.internal.framework.EquinoxBundle.start(EquinoxBundle.java:393)
	at org.eclipse.core.runtime.adaptor.EclipseStarter.startBundle(EclipseStarter.java:1049)
	at org.eclipse.core.runtime.adaptor.EclipseStarter.startBundles(EclipseStarter.java:1042)
	at org.eclipse.core.runtime.adaptor.EclipseStarter.loadBasicBundles(EclipseStarter.java:586)
	at org.eclipse.core.runtime.adaptor.EclipseStarter.startup(EclipseStarter.java:313)
	at org.eclipse.core.runtime.adaptor.EclipseStarter.run(EclipseStarter.java:232)
	at org.eclipse.core.runtime.adaptor.EclipseStarter.main(EclipseStarter.java:209)

!ENTRY org.eclipse.osgi 4 0 2019-01-10 21:56:03.532
!MESSAGE Error starting bundle: initial@reference:file:plugins/slf4j.log4j12_1.7.7.jar
!STACK 0
org.osgi.framework.BundleException: Invalid operation on a fragment.
	at org.eclipse.osgi.container.Module.checkFragment(Module.java:510)
	at org.eclipse.osgi.container.Module.start(Module.java:397)
	at org.eclipse.osgi.internal.framework.EquinoxBundle.start(EquinoxBundle.java:393)
	at org.eclipse.core.runtime.adaptor.EclipseStarter.startBundle(EclipseStarter.java:1049)
	at org.eclipse.core.runtime.adaptor.EclipseStarter.startBundles(EclipseStarter.java:1042)
	at org.eclipse.core.runtime.adaptor.EclipseStarter.loadBasicBundles(EclipseStarter.java:586)
	at org.eclipse.core.runtime.adaptor.EclipseStarter.startup(EclipseStarter.java:313)
	at org.eclipse.core.runtime.adaptor.EclipseStarter.run(EclipseStarter.java:232)
	at org.eclipse.core.runtime.adaptor.EclipseStarter.main(EclipseStarter.java:209)

!ENTRY org.eclipse.equinox.http.jetty 4 0 2019-01-10 21:56:05.263
!MESSAGE FrameworkEvent ERROR
!STACK 0
org.osgi.framework.BundleException: Exception in org.eclipse.equinox.http.jetty.internal.Activator.start() of bundle org.eclipse.equinox.http.jetty.
	at org.eclipse.osgi.internal.framework.BundleContextImpl.startActivator(BundleContextImpl.java:792)
	at org.eclipse.osgi.internal.framework.BundleContextImpl.start(BundleContextImpl.java:721)
	at org.eclipse.osgi.internal.framework.EquinoxBundle.startWorker0(EquinoxBundle.java:936)
	at org.eclipse.osgi.internal.framework.EquinoxBundle$EquinoxModule.startWorker(EquinoxBundle.java:319)
	at org.eclipse.osgi.container.Module.doStart(Module.java:571)
	at org.eclipse.osgi.container.Module.start(Module.java:439)
	at org.eclipse.osgi.container.ModuleContainer$ContainerStartLevel.incStartLevel(ModuleContainer.java:1582)
	at org.eclipse.osgi.container.ModuleContainer$ContainerStartLevel.incStartLevel(ModuleContainer.java:1562)
	at org.eclipse.osgi.container.ModuleContainer$ContainerStartLevel.doContainerStartLevel(ModuleContainer.java:1533)
	at org.eclipse.osgi.container.ModuleContainer$ContainerStartLevel.dispatchEvent(ModuleContainer.java:1476)
	at org.eclipse.osgi.container.ModuleContainer$ContainerStartLevel.dispatchEvent(ModuleContainer.java:1)
	at org.eclipse.osgi.framework.eventmgr.EventManager.dispatchEvent(EventManager.java:230)
	at org.eclipse.osgi.framework.eventmgr.EventManager$EventThread.run(EventManager.java:340)
Caused by: org.osgi.service.cm.ConfigurationException: default : Address already in use: bind
	at org.eclipse.equinox.http.jetty.internal.HttpServerManager.updated(HttpServerManager.java:114)
	at org.eclipse.equinox.http.jetty.internal.Activator.start(Activator.java:62)
	at org.eclipse.osgi.internal.framework.BundleContextImpl$3.run(BundleContextImpl.java:771)
	at org.eclipse.osgi.internal.framework.BundleContextImpl$3.run(BundleContextImpl.java:1)
	at java.security.AccessController.doPrivileged(Native Method)
	at org.eclipse.osgi.internal.framework.BundleContextImpl.startActivator(BundleContextImpl.java:764)
	... 12 more
Caused by: java.net.BindException: Address already in use: bind
	at sun.nio.ch.Net.bind0(Native Method)
	at sun.nio.ch.Net.bind(Unknown Source)
	at sun.nio.ch.Net.bind(Unknown Source)
	at sun.nio.ch.ServerSocketChannelImpl.bind(Unknown Source)
	at sun.nio.ch.ServerSocketAdaptor.bind(Unknown Source)
	at org.eclipse.jetty.server.nio.SelectChannelConnector.open(SelectChannelConnector.java:187)
	at org.eclipse.jetty.server.AbstractConnector.doStart(AbstractConnector.java:316)
	at org.eclipse.jetty.server.nio.SelectChannelConnector.doStart(SelectChannelConnector.java:265)
	at org.eclipse.jetty.util.component.AbstractLifeCycle.start(AbstractLifeCycle.java:64)
	at org.eclipse.jetty.server.Server.doStart(Server.java:293)
	at org.eclipse.jetty.util.component.AbstractLifeCycle.start(AbstractLifeCycle.java:64)
	at org.eclipse.equinox.http.jetty.internal.HttpServerManager.updated(HttpServerManager.java:112)
	... 17 more
Root exception:
org.osgi.service.cm.ConfigurationException: default : Address already in use: bind
	at org.eclipse.equinox.http.jetty.internal.HttpServerManager.updated(HttpServerManager.java:114)
	at org.eclipse.equinox.http.jetty.internal.Activator.start(Activator.java:62)
	at org.eclipse.osgi.internal.framework.BundleContextImpl$3.run(BundleContextImpl.java:771)
	at org.eclipse.osgi.internal.framework.BundleContextImpl$3.run(BundleContextImpl.java:1)
	at java.security.AccessController.doPrivileged(Native Method)
	at org.eclipse.osgi.internal.framework.BundleContextImpl.startActivator(BundleContextImpl.java:764)
	at org.eclipse.osgi.internal.framework.BundleContextImpl.start(BundleContextImpl.java:721)
	at org.eclipse.osgi.internal.framework.EquinoxBundle.startWorker0(EquinoxBundle.java:936)
	at org.eclipse.osgi.internal.framework.EquinoxBundle$EquinoxModule.startWorker(EquinoxBundle.java:319)
	at org.eclipse.osgi.container.Module.doStart(Module.java:571)
	at org.eclipse.osgi.container.Module.start(Module.java:439)
	at org.eclipse.osgi.container.ModuleContainer$ContainerStartLevel.incStartLevel(ModuleContainer.java:1582)
	at org.eclipse.osgi.container.ModuleContainer$ContainerStartLevel.incStartLevel(ModuleContainer.java:1562)
	at org.eclipse.osgi.container.ModuleContainer$ContainerStartLevel.doContainerStartLevel(ModuleContainer.java:1533)
	at org.eclipse.osgi.container.ModuleContainer$ContainerStartLevel.dispatchEvent(ModuleContainer.java:1476)
	at org.eclipse.osgi.container.ModuleContainer$ContainerStartLevel.dispatchEvent(ModuleContainer.java:1)
	at org.eclipse.osgi.framework.eventmgr.EventManager.dispatchEvent(EventManager.java:230)
	at org.eclipse.osgi.framework.eventmgr.EventManager$EventThread.run(EventManager.java:340)
Caused by: java.net.BindException: Address already in use: bind
	at sun.nio.ch.Net.bind0(Native Method)
	at sun.nio.ch.Net.bind(Unknown Source)
	at sun.nio.ch.Net.bind(Unknown Source)
	at sun.nio.ch.ServerSocketChannelImpl.bind(Unknown Source)
	at sun.nio.ch.ServerSocketAdaptor.bind(Unknown Source)
	at org.eclipse.jetty.server.nio.SelectChannelConnector.open(SelectChannelConnector.java:187)
	at org.eclipse.jetty.server.AbstractConnector.doStart(AbstractConnector.java:316)
	at org.eclipse.jetty.server.nio.SelectChannelConnector.doStart(SelectChannelConnector.java:265)
	at org.eclipse.jetty.util.component.AbstractLifeCycle.start(AbstractLifeCycle.java:64)
	at org.eclipse.jetty.server.Server.doStart(Server.java:293)
	at org.eclipse.jetty.util.component.AbstractLifeCycle.start(AbstractLifeCycle.java:64)
	at org.eclipse.equinox.http.jetty.internal.HttpServerManager.updated(HttpServerManager.java:112)
	... 17 more

!ENTRY org.eclipse.osgi 4 0 2019-01-10 21:56:05.315
!MESSAGE Bundle org.eclipse.equinox.http.jetty_3.0.200.v20131021-1843 [25] is not active.

!ENTRY org.eclipse.osgi 4 0 2019-01-10 21:56:05.316
!MESSAGE Bundle slf4j.jdk14_1.7.7 [46] is not active.

!ENTRY org.eclipse.osgi 4 0 2019-01-10 21:56:05.317
!MESSAGE Bundle slf4j.log4j12_1.7.7 [47] is not active.
